Fitter report for Phase_ctrl
Tue Jul 17 16:02:43 2012
Version 6.0 Build 178 04/27/2006 SJ Full Version


---------------------
; Table of Contents ;
---------------------
  1. Legal Notice
  2. Fitter Summary
  3. Fitter Settings
  4. Pin-Out File
  5. Fitter Resource Usage Summary
  6. Input Pins
  7. Output Pins
  8. Bidir Pins
  9. I/O Bank Usage
 10. All Package Pins
 11. Output Pin Default Load For Reported TCO
 12. Fitter Resource Utilization by Entity
 13. Delay Chain Summary
 14. Control Signals
 15. Global & Other Fast Signals
 16. Non-Global High Fan-Out Signals
 17. Interconnect Usage Summary
 18. LAB Logic Elements
 19. LAB-wide Signals
 20. LAB Signals Sourced
 21. LAB Signals Sourced Out
 22. LAB Distinct Inputs
 23. Fitter Device Options
 24. Fitter Messages
 25. Fitter Suppressed Messages



----------------
; Legal Notice ;
----------------
Copyright (C) 1991-2006 Altera Corporation
Your use of Altera Corporation's design tools, logic functions 
and other software and tools, and its AMPP partner logic 
functions, and any output files any of the foregoing 
(including device programming or simulation files), and any 
associated documentation or information are expressly subject 
to the terms and conditions of the Altera Program License 
Subscription Agreement, Altera MegaCore Function License 
Agreement, or other applicable license agreement, including, 
without limitation, that your use is for the sole purpose of 
programming logic devices manufactured by Altera and sold by 
Altera or its authorized distributors.  Please refer to the 
applicable agreement for further details.



+------------------------------------------------------------------+
; Fitter Summary                                                   ;
+-----------------------+------------------------------------------+
; Fitter Status         ; Successful - Tue Jul 17 16:02:43 2012    ;
; Quartus II Version    ; 6.0 Build 178 04/27/2006 SJ Full Version ;
; Revision Name         ; Phase_ctrl                               ;
; Top-level Entity Name ; phase_ctrl                               ;
; Family                ; MAX II                                   ;
; Device                ; EPM570T100C5                             ;
; Timing Models         ; Final                                    ;
; Total logic elements  ; 552 / 570 ( 97 % )                       ;
; Total pins            ; 76 / 76 ( 100 % )                        ;
; Total virtual pins    ; 0                                        ;
; UFM blocks            ; 0 / 1 ( 0 % )                            ;
+-----------------------+------------------------------------------+


+--------------------------------------------------------------------------------------------------------------------------+
; Fitter Settings                                                                                                          ;
+--------------------------------------------------------+--------------------------------+--------------------------------+
; Option                                                 ; Setting                        ; Default Value                  ;
+--------------------------------------------------------+--------------------------------+--------------------------------+
; Device                                                 ; EPM570T100C5                   ;                                ;
; Use smart compilation                                  ; Off                            ; Off                            ;
; Router Timing Optimization Level                       ; Normal                         ; Normal                         ;
; Placement Effort Multiplier                            ; 1.0                            ; 1.0                            ;
; Router Effort Multiplier                               ; 1.0                            ; 1.0                            ;
; Optimize Hold Timing                                   ; IO Paths and Minimum TPD Paths ; IO Paths and Minimum TPD Paths ;
; Optimize Fast-Corner Timing                            ; Off                            ; Off                            ;
; Guarantee I/O Paths Have Zero Hold Time at Fast Corner ; On                             ; On                             ;
; PowerPlay Power Optimization                           ; Normal compilation             ; Normal compilation             ;
; Optimize Timing                                        ; Normal compilation             ; Normal compilation             ;
; Optimize IOC Register Placement for Timing             ; On                             ; On                             ;
; Limit to One Fitting Attempt                           ; Off                            ; Off                            ;
; Final Placement Optimizations                          ; Automatically                  ; Automatically                  ;
; Fitter Aggressive Routability Optimizations            ; Automatically                  ; Automatically                  ;
; Fitter Initial Placement Seed                          ; 1                              ; 1                              ;
; Slow Slew Rate                                         ; Off                            ; Off                            ;
; PCI I/O                                                ; Off                            ; Off                            ;
; Weak Pull-Up Resistor                                  ; Off                            ; Off                            ;
; Enable Bus-Hold Circuitry                              ; Off                            ; Off                            ;
; Auto Delay Chains                                      ; On                             ; On                             ;
; Perform Physical Synthesis for Combinational Logic     ; Off                            ; Off                            ;
; Perform Register Duplication                           ; Off                            ; Off                            ;
; Perform Register Retiming                              ; Off                            ; Off                            ;
; Perform Asynchronous Signal Pipelining                 ; Off                            ; Off                            ;
; Fitter Effort                                          ; Auto Fit                       ; Auto Fit                       ;
; Physical Synthesis Effort Level                        ; Normal                         ; Normal                         ;
; Logic Cell Insertion - Logic Duplication               ; Auto                           ; Auto                           ;
; Auto Register Duplication                              ; Auto                           ; Auto                           ;
; Auto Global Clock                                      ; On                             ; On                             ;
; Auto Global Register Control Signals                   ; On                             ; On                             ;
; Always Enable Input Buffers                            ; Off                            ; Off                            ;
+--------------------------------------------------------+--------------------------------+--------------------------------+


+--------------+
; Pin-Out File ;
+--------------+
The pin-out file can be found in E:/works/VHDLWorks/5L-ANPC/×îÖÕ°æ/Phase_ctrl120629/Phase_ctrl.pin.


+--------------------------------------------------------------------------+
; Fitter Resource Usage Summary                                            ;
+---------------------------------------------+----------------------------+
; Resource                                    ; Usage                      ;
+---------------------------------------------+----------------------------+
; Total logic elements                        ; 552 / 570 ( 97 % )         ;
;     -- Combinational with no register       ; 248                        ;
;     -- Register only                        ; 39                         ;
;     -- Combinational with a register        ; 265                        ;
;                                             ;                            ;
; Logic element usage by number of LUT inputs ;                            ;
;     -- 4 input functions                    ; 201                        ;
;     -- 3 input functions                    ; 70                         ;
;     -- 2 input functions                    ; 214                        ;
;     -- 1 input functions                    ; 51                         ;
;     -- 0 input functions                    ; 16                         ;
;                                             ;                            ;
; Logic elements by mode                      ;                            ;
;     -- normal mode                          ; 388                        ;
;     -- arithmetic mode                      ; 164                        ;
;     -- qfbk mode                            ; 41                         ;
;     -- register cascade mode                ; 0                          ;
;     -- synchronous clear/load mode          ; 70                         ;
;     -- asynchronous clear/load mode         ; 303                        ;
;                                             ;                            ;
; Total LABs                                  ; 57 / 57 ( 100 % )          ;
; Logic elements in carry chains              ; 184                        ;
; User inserted logic elements                ; 0                          ;
; Virtual pins                                ; 0                          ;
; I/O pins                                    ; 76 / 76 ( 100 % )          ;
;     -- Clock pins                           ; 4                          ;
; Global signals                              ; 4                          ;
; UFM blocks                                  ; 0 / 1 ( 0 % )              ;
; Global clocks                               ; 4 / 4 ( 100 % )            ;
; Maximum fan-out node                        ; clk                        ;
; Maximum fan-out                             ; 304                        ;
; Highest non-global fan-out signal           ; Decoder:receive|start_last ;
; Highest non-global fan-out                  ; 32                         ;
; Total fan-out                               ; 2281                       ;
; Average fan-out                             ; 3.63                       ;
+---------------------------------------------+----------------------------+


+-------------------------------------------------------------------------------------------------------------------------------------------------------------------------------------------------------------------+
; Input Pins                                                                                                                                                                                                        ;
+------------+-------+----------+--------------+--------------+-------------+-----------------------+--------------------+--------+-----------------+----------+--------------+--------------+----------------------+
; Name       ; Pin # ; I/O Bank ; X coordinate ; Y coordinate ; Cell number ; Combinational Fan-Out ; Registered Fan-Out ; Global ; PCI I/O Enabled ; Bus Hold ; Weak Pull Up ; I/O Standard ; Location assigned by ;
+------------+-------+----------+--------------+--------------+-------------+-----------------------+--------------------+--------+-----------------+----------+--------------+--------------+----------------------+
; AD_OTR     ; 62    ; 2        ; 13           ; 4            ; 4           ; 0                     ; 0                  ; no     ; no              ; no       ; Off          ; LVTTL        ; User                 ;
; AD_data[0] ; 74    ; 2        ; 13           ; 7            ; 3           ; 2                     ; 0                  ; no     ; no              ; no       ; Off          ; LVTTL        ; User                 ;
; AD_data[1] ; 73    ; 2        ; 13           ; 7            ; 5           ; 2                     ; 0                  ; no     ; no              ; no       ; Off          ; LVTTL        ; User                 ;
; AD_data[2] ; 72    ; 2        ; 13           ; 6            ; 1           ; 2                     ; 0                  ; no     ; no              ; no       ; Off          ; LVTTL        ; User                 ;
; AD_data[3] ; 71    ; 2        ; 13           ; 6            ; 2           ; 2                     ; 0                  ; no     ; no              ; no       ; Off          ; LVTTL        ; User                 ;
; AD_data[4] ; 70    ; 2        ; 13           ; 6            ; 5           ; 2                     ; 0                  ; no     ; no              ; no       ; Off          ; LVTTL        ; User                 ;
; AD_data[5] ; 69    ; 2        ; 13           ; 5            ; 0           ; 2                     ; 0                  ; no     ; no              ; no       ; Off          ; LVTTL        ; User                 ;
; AD_data[6] ; 68    ; 2        ; 13           ; 4            ; 0           ; 2                     ; 0                  ; no     ; no              ; no       ; Off          ; LVTTL        ; User                 ;
; AD_data[7] ; 67    ; 2        ; 13           ; 4            ; 1           ; 2                     ; 0                  ; no     ; no              ; no       ; Off          ; LVTTL        ; User                 ;
; AD_data[8] ; 66    ; 2        ; 13           ; 4            ; 2           ; 1                     ; 0                  ; no     ; no              ; no       ; Off          ; LVTTL        ; User                 ;
; AD_data[9] ; 64    ; 2        ; 13           ; 4            ; 3           ; 1                     ; 0                  ; no     ; no              ; no       ; Off          ; LVTTL        ; User                 ;
; SW[1]      ; 100   ; 2        ; 3            ; 8            ; 0           ; 1                     ; 0                  ; no     ; no              ; no       ; Off          ; LVTTL        ; User                 ;
; SW[2]      ; 99    ; 2        ; 4            ; 8            ; 2           ; 1                     ; 0                  ; no     ; no              ; no       ; Off          ; LVTTL        ; User                 ;
; SW[3]      ; 98    ; 2        ; 4            ; 8            ; 1           ; 1                     ; 0                  ; no     ; no              ; no       ; Off          ; LVTTL        ; User                 ;
; SW[4]      ; 97    ; 2        ; 5            ; 8            ; 2           ; 1                     ; 0                  ; no     ; no              ; no       ; Off          ; LVTTL        ; User                 ;
; SW[5]      ; 96    ; 2        ; 5            ; 8            ; 1           ; 1                     ; 0                  ; no     ; no              ; no       ; Off          ; LVTTL        ; User                 ;
; SW[6]      ; 95    ; 2        ; 5            ; 8            ; 0           ; 1                     ; 0                  ; no     ; no              ; no       ; Off          ; LVTTL        ; User                 ;
; SW[7]      ; 92    ; 2        ; 6            ; 8            ; 3           ; 1                     ; 0                  ; no     ; no              ; no       ; Off          ; LVTTL        ; User                 ;
; SW[8]      ; 91    ; 2        ; 6            ; 8            ; 2           ; 1                     ; 0                  ; no     ; no              ; no       ; Off          ; LVTTL        ; User                 ;
; clk        ; 14    ; 1        ; 0            ; 5            ; 1           ; 304                   ; 0                  ; yes    ; no              ; no       ; Off          ; LVTTL        ; User                 ;
; flt[1]     ; 86    ; 2        ; 8            ; 8            ; 3           ; 3                     ; 0                  ; no     ; no              ; no       ; Off          ; LVTTL        ; User                 ;
; flt[2]     ; 83    ; 2        ; 8            ; 8            ; 0           ; 3                     ; 0                  ; no     ; no              ; no       ; Off          ; LVTTL        ; User                 ;
; flt[3]     ; 48    ; 1        ; 10           ; 0            ; 1           ; 3                     ; 0                  ; no     ; no              ; no       ; Off          ; LVTTL        ; User                 ;
; flt[4]     ; 43    ; 1        ; 8            ; 3            ; 3           ; 3                     ; 0                  ; no     ; no              ; no       ; Off          ; LVTTL        ; User                 ;
; flt[5]     ; 78    ; 2        ; 12           ; 8            ; 3           ; 3                     ; 0                  ; no     ; no              ; no       ; Off          ; LVTTL        ; User                 ;
; flt[6]     ; 75    ; 2        ; 13           ; 7            ; 1           ; 3                     ; 0                  ; no     ; no              ; no       ; Off          ; LVTTL        ; User                 ;
; flt[7]     ; 54    ; 2        ; 13           ; 1            ; 1           ; 3                     ; 0                  ; no     ; no              ; no       ; Off          ; LVTTL        ; User                 ;
; flt[8]     ; 51    ; 1        ; 12           ; 0            ; 2           ; 3                     ; 0                  ; no     ; no              ; no       ; Off          ; LVTTL        ; User                 ;
; pwm_in     ; 4     ; 1        ; 0            ; 7            ; 0           ; 6                     ; 0                  ; no     ; no              ; no       ; Off          ; LVTTL        ; User                 ;
; reset      ; 27    ; 1        ; 3            ; 3            ; 1           ; 208                   ; 0                  ; yes    ; no              ; no       ; Off          ; LVTTL        ; User                 ;
+------------+-------+----------+--------------+--------------+-------------+-----------------------+--------------------+--------+-----------------+----------+--------------+--------------+----------------------+


+----------------------------------------------------------------------------------------------------------------------------------------------------------------------------------------------------------------------------------------------------------------------------------+
; Output Pins                                                                                                                                                                                                                                                                      ;
+-------------+-------+----------+--------------+--------------+-------------+-----------------+----------------+-----------------+------------+---------------+----------+--------------+--------------+------------------+------------------------+----------------------+-------+
; Name        ; Pin # ; I/O Bank ; X coordinate ; Y coordinate ; Cell number ; Output Register ; Slow Slew Rate ; PCI I/O Enabled ; Open Drain ; TRI Primitive ; Bus Hold ; Weak Pull Up ; I/O Standard ; Current Strength ; Fast Output Connection ; Location assigned by ; Load  ;
+-------------+-------+----------+--------------+--------------+-------------+-----------------+----------------+-----------------+------------+---------------+----------+--------------+--------------+------------------+------------------------+----------------------+-------+
; AD_STBY     ; 61    ; 2        ; 13           ; 3            ; 1           ; no              ; no             ; no              ; no         ; no            ; no       ; Off          ; LVTTL        ; 16mA             ; no                     ; User                 ; 10 pF ;
; AD_TriState ; 58    ; 2        ; 13           ; 2            ; 0           ; no              ; no             ; no              ; no         ; no            ; no       ; Off          ; LVTTL        ; 16mA             ; no                     ; User                 ; 10 pF ;
; AD_clk      ; 57    ; 2        ; 13           ; 2            ; 1           ; no              ; no             ; no              ; no         ; no            ; no       ; Off          ; LVTTL        ; 16mA             ; no                     ; User                 ; 10 pF ;
; LED[1]      ; 41    ; 1        ; 7            ; 3            ; 1           ; no              ; no             ; no              ; no         ; no            ; no       ; Off          ; LVTTL        ; 16mA             ; no                     ; User                 ; 10 pF ;
; LED[2]      ; 38    ; 1        ; 7            ; 3            ; 3           ; no              ; no             ; no              ; no         ; no            ; no       ; Off          ; LVTTL        ; 16mA             ; no                     ; User                 ; 10 pF ;
; LED[3]      ; 35    ; 1        ; 6            ; 3            ; 1           ; no              ; no             ; no              ; no         ; no            ; no       ; Off          ; LVTTL        ; 16mA             ; no                     ; User                 ; 10 pF ;
; LED[4]      ; 33    ; 1        ; 6            ; 3            ; 3           ; no              ; no             ; no              ; no         ; no            ; no       ; Off          ; LVTTL        ; 16mA             ; no                     ; User                 ; 10 pF ;
; LED[5]      ; 42    ; 1        ; 7            ; 3            ; 0           ; no              ; no             ; no              ; no         ; no            ; no       ; Off          ; LVTTL        ; 16mA             ; no                     ; User                 ; 10 pF ;
; LED[6]      ; 40    ; 1        ; 7            ; 3            ; 2           ; no              ; no             ; no              ; no         ; no            ; no       ; Off          ; LVTTL        ; 16mA             ; no                     ; User                 ; 10 pF ;
; LED[7]      ; 36    ; 1        ; 6            ; 3            ; 0           ; no              ; no             ; no              ; no         ; no            ; no       ; Off          ; LVTTL        ; 16mA             ; no                     ; User                 ; 10 pF ;
; LED[8]      ; 34    ; 1        ; 6            ; 3            ; 2           ; no              ; no             ; no              ; no         ; no            ; no       ; Off          ; LVTTL        ; 16mA             ; no                     ; User                 ; 10 pF ;
; data_out    ; 2     ; 1        ; 1            ; 8            ; 0           ; no              ; no             ; no              ; no         ; no            ; no       ; Off          ; LVTTL        ; 16mA             ; no                     ; User                 ; 10 pF ;
; pwma[1]     ; 89    ; 2        ; 7            ; 8            ; 1           ; no              ; no             ; no              ; no         ; no            ; no       ; Off          ; LVTTL        ; 16mA             ; no                     ; User                 ; 10 pF ;
; pwma[2]     ; 85    ; 2        ; 8            ; 8            ; 2           ; no              ; no             ; no              ; no         ; no            ; no       ; Off          ; LVTTL        ; 16mA             ; no                     ; User                 ; 10 pF ;
; pwma[3]     ; 50    ; 1        ; 11           ; 0            ; 2           ; no              ; no             ; no              ; no         ; no            ; no       ; Off          ; LVTTL        ; 16mA             ; no                     ; User                 ; 10 pF ;
; pwma[4]     ; 47    ; 1        ; 10           ; 0            ; 2           ; no              ; no             ; no              ; no         ; no            ; no       ; Off          ; LVTTL        ; 16mA             ; no                     ; User                 ; 10 pF ;
; pwma[5]     ; 82    ; 2        ; 9            ; 8            ; 0           ; no              ; no             ; no              ; no         ; no            ; no       ; Off          ; LVTTL        ; 16mA             ; no                     ; User                 ; 10 pF ;
; pwma[6]     ; 77    ; 2        ; 12           ; 8            ; 2           ; no              ; no             ; no              ; no         ; no            ; no       ; Off          ; LVTTL        ; 16mA             ; no                     ; User                 ; 10 pF ;
; pwma[7]     ; 56    ; 2        ; 13           ; 2            ; 2           ; no              ; no             ; no              ; no         ; no            ; no       ; Off          ; LVTTL        ; 16mA             ; no                     ; User                 ; 10 pF ;
; pwma[8]     ; 53    ; 2        ; 13           ; 1            ; 3           ; no              ; no             ; no              ; no         ; no            ; no       ; Off          ; LVTTL        ; 16mA             ; no                     ; User                 ; 10 pF ;
; pwmn[1]     ; 87    ; 2        ; 7            ; 8            ; 0           ; no              ; no             ; no              ; no         ; no            ; no       ; Off          ; LVTTL        ; 16mA             ; no                     ; User                 ; 10 pF ;
; pwmn[2]     ; 84    ; 2        ; 8            ; 8            ; 1           ; no              ; no             ; no              ; no         ; no            ; no       ; Off          ; LVTTL        ; 16mA             ; no                     ; User                 ; 10 pF ;
; pwmn[3]     ; 49    ; 1        ; 10           ; 0            ; 0           ; no              ; no             ; no              ; no         ; no            ; no       ; Off          ; LVTTL        ; 16mA             ; no                     ; User                 ; 10 pF ;
; pwmn[4]     ; 44    ; 1        ; 8            ; 3            ; 2           ; no              ; no             ; no              ; no         ; no            ; no       ; Off          ; LVTTL        ; 16mA             ; no                     ; User                 ; 10 pF ;
; pwmn[5]     ; 81    ; 2        ; 10           ; 8            ; 3           ; no              ; no             ; no              ; no         ; no            ; no       ; Off          ; LVTTL        ; 16mA             ; no                     ; User                 ; 10 pF ;
; pwmn[6]     ; 76    ; 2        ; 12           ; 8            ; 1           ; no              ; no             ; no              ; no         ; no            ; no       ; Off          ; LVTTL        ; 16mA             ; no                     ; User                 ; 10 pF ;
; pwmn[7]     ; 55    ; 2        ; 13           ; 2            ; 4           ; no              ; no             ; no              ; no         ; no            ; no       ; Off          ; LVTTL        ; 16mA             ; no                     ; User                 ; 10 pF ;
; pwmn[8]     ; 52    ; 2        ; 13           ; 1            ; 4           ; no              ; no             ; no              ; no         ; no            ; no       ; Off          ; LVTTL        ; 16mA             ; no                     ; User                 ; 10 pF ;
; rest[1]     ; 1     ; 2        ; 3            ; 8            ; 3           ; no              ; no             ; no              ; no         ; no            ; no       ; Off          ; LVTTL        ; 16mA             ; no                     ; User                 ; 10 pF ;
; rest[2]     ; 3     ; 1        ; 1            ; 8            ; 2           ; no              ; no             ; no              ; no         ; no            ; no       ; Off          ; LVTTL        ; 16mA             ; no                     ; User                 ; 10 pF ;
; rest[3]     ; 5     ; 1        ; 0            ; 7            ; 2           ; no              ; no             ; no              ; no         ; no            ; no       ; Off          ; LVTTL        ; 16mA             ; no                     ; User                 ; 10 pF ;
; rest[4]     ; 6     ; 1        ; 0            ; 7            ; 3           ; no              ; no             ; no              ; no         ; no            ; no       ; Off          ; LVTTL        ; 16mA             ; no                     ; User                 ; 10 pF ;
; rest[5]     ; 7     ; 1        ; 0            ; 7            ; 4           ; no              ; no             ; no              ; no         ; no            ; no       ; Off          ; LVTTL        ; 16mA             ; no                     ; User                 ; 10 pF ;
; rest[6]     ; 8     ; 1        ; 0            ; 7            ; 5           ; no              ; no             ; no              ; no         ; no            ; no       ; Off          ; LVTTL        ; 16mA             ; no                     ; User                 ; 10 pF ;
; rest[7]     ; 12    ; 1        ; 0            ; 5            ; 0           ; no              ; no             ; no              ; no         ; no            ; no       ; Off          ; LVTTL        ; 16mA             ; no                     ; User                 ; 10 pF ;
; state       ; 28    ; 1        ; 4            ; 3            ; 3           ; no              ; no             ; no              ; no         ; no            ; no       ; Off          ; LVTTL        ; 16mA             ; no                     ; User                 ; 10 pF ;
+-------------+-------+----------+--------------+--------------+-------------+-----------------+----------------+-----------------+------------+---------------+----------+--------------+--------------+------------------+------------------------+----------------------+-------+


+-------------------------------------------------------------------------------------------------------------------------------------------------------------------------------------------------------------------------------------------------------------------------------------------------------------------+
; Bidir Pins                                                                                                                                                                                                                                                                                                        ;
+--------+-------+----------+--------------+--------------+-------------+-----------------------+--------------------+--------+-----------------+----------------+-----------------+------------+----------+--------------+--------------+------------------+------------------------+----------------------+-------+
; Name   ; Pin # ; I/O Bank ; X coordinate ; Y coordinate ; Cell number ; Combinational Fan-Out ; Registered Fan-Out ; Global ; Output Register ; Slow Slew Rate ; PCI I/O Enabled ; Open Drain ; Bus Hold ; Weak Pull Up ; I/O Standard ; Current Strength ; Fast Output Connection ; Location assigned by ; Load  ;
+--------+-------+----------+--------------+--------------+-------------+-----------------------+--------------------+--------+-----------------+----------------+-----------------+------------+----------+--------------+--------------+------------------+------------------------+----------------------+-------+
; io[10] ; 30    ; 1        ; 4            ; 3            ; 1           ; 0                     ; 0                  ; no     ; no              ; no             ; no              ; yes        ; no       ; Off          ; LVTTL        ; 16mA             ; no                     ; User                 ; 10 pF ;
; io[1]  ; 15    ; 1        ; 0            ; 5            ; 2           ; 0                     ; 0                  ; no     ; no              ; no             ; no              ; no         ; no       ; Off          ; LVTTL        ; 16mA             ; no                     ; User                 ; 10 pF ;
; io[2]  ; 16    ; 1        ; 0            ; 5            ; 3           ; 0                     ; 0                  ; no     ; no              ; no             ; no              ; no         ; no       ; Off          ; LVTTL        ; 16mA             ; no                     ; User                 ; 10 pF ;
; io[3]  ; 17    ; 1        ; 0            ; 5            ; 4           ; 0                     ; 0                  ; no     ; no              ; no             ; no              ; no         ; no       ; Off          ; LVTTL        ; 16mA             ; no                     ; User                 ; 10 pF ;
; io[4]  ; 18    ; 1        ; 0            ; 5            ; 5           ; 0                     ; 0                  ; no     ; no              ; no             ; no              ; no         ; no       ; Off          ; LVTTL        ; 16mA             ; no                     ; User                 ; 10 pF ;
; io[5]  ; 19    ; 1        ; 0            ; 4            ; 5           ; 0                     ; 0                  ; no     ; no              ; no             ; no              ; yes        ; no       ; Off          ; LVTTL        ; 16mA             ; no                     ; User                 ; 10 pF ;
; io[6]  ; 20    ; 1        ; 1            ; 3            ; 3           ; 0                     ; 0                  ; no     ; no              ; no             ; no              ; yes        ; no       ; Off          ; LVTTL        ; 16mA             ; no                     ; User                 ; 10 pF ;
; io[7]  ; 21    ; 1        ; 1            ; 3            ; 1           ; 0                     ; 0                  ; no     ; no              ; no             ; no              ; yes        ; no       ; Off          ; LVTTL        ; 16mA             ; no                     ; User                 ; 10 pF ;
; io[8]  ; 26    ; 1        ; 3            ; 3            ; 2           ; 0                     ; 0                  ; no     ; no              ; no             ; no              ; yes        ; no       ; Off          ; LVTTL        ; 16mA             ; no                     ; User                 ; 10 pF ;
; io[9]  ; 29    ; 1        ; 4            ; 3            ; 2           ; 0                     ; 0                  ; no     ; no              ; no             ; no              ; yes        ; no       ; Off          ; LVTTL        ; 16mA             ; no                     ; User                 ; 10 pF ;
+--------+-------+----------+--------------+--------------+-------------+-----------------------+--------------------+--------+-----------------+----------------+-----------------+------------+----------+--------------+--------------+------------------+------------------------+----------------------+-------+


+-------------------------------------------------------------+
; I/O Bank Usage                                              ;
+----------+-------------------+---------------+--------------+
; I/O Bank ; Usage             ; VCCIO Voltage ; VREF Voltage ;
+----------+-------------------+---------------+--------------+
; 1        ; 36 / 36 ( 100 % ) ; 3.3V          ; --           ;
; 2        ; 40 / 40 ( 100 % ) ; 3.3V          ; --           ;
+----------+-------------------+---------------+--------------+


+----------------------------------------------------------------------------------------------------------------------------------------------+
; All Package Pins                                                                                                                             ;
+----------+------------+----------+----------------+--------+--------------+---------+------------+-----------------+----------+--------------+
; Location ; Pad Number ; I/O Bank ; Pin Name/Usage ; Dir.   ; I/O Standard ; Voltage ; I/O Type   ; User Assignment ; Bus Hold ; Weak Pull Up ;
+----------+------------+----------+----------------+--------+--------------+---------+------------+-----------------+----------+--------------+
; 1        ; 161        ; 2        ; rest[1]        ; output ; LVTTL        ;         ; Column I/O ; Y               ; no       ; Off          ;
; 2        ; 2          ; 1        ; data_out       ; output ; LVTTL        ;         ; Column I/O ; Y               ; no       ; Off          ;
; 3        ; 4          ; 1        ; rest[2]        ; output ; LVTTL        ;         ; Column I/O ; Y               ; no       ; Off          ;
; 4        ; 6          ; 1        ; pwm_in         ; input  ; LVTTL        ;         ; Row I/O    ; Y               ; no       ; Off          ;
; 5        ; 8          ; 1        ; rest[3]        ; output ; LVTTL        ;         ; Row I/O    ; Y               ; no       ; Off          ;
; 6        ; 9          ; 1        ; rest[4]        ; output ; LVTTL        ;         ; Row I/O    ; Y               ; no       ; Off          ;
; 7        ; 10         ; 1        ; rest[5]        ; output ; LVTTL        ;         ; Row I/O    ; Y               ; no       ; Off          ;
; 8        ; 11         ; 1        ; rest[6]        ; output ; LVTTL        ;         ; Row I/O    ; Y               ; no       ; Off          ;
; 9        ;            ; 1        ; VCCIO1         ; power  ;              ; 3.3V    ; --         ;                 ; --       ; --           ;
; 10       ;            ;          ; GNDIO          ; gnd    ;              ;         ; --         ;                 ; --       ; --           ;
; 11       ;            ;          ; GNDINT         ; gnd    ;              ;         ; --         ;                 ; --       ; --           ;
; 12       ; 20         ; 1        ; rest[7]        ; output ; LVTTL        ;         ; Row I/O    ; Y               ; no       ; Off          ;
; 13       ;            ;          ; VCCINT         ; power  ;              ; 3.3V    ; --         ;                 ; --       ; --           ;
; 14       ; 21         ; 1        ; clk            ; input  ; LVTTL        ;         ; Row I/O    ; Y               ; no       ; Off          ;
; 15       ; 22         ; 1        ; io[1]          ; bidir  ; LVTTL        ;         ; Row I/O    ; Y               ; no       ; Off          ;
; 16       ; 23         ; 1        ; io[2]          ; bidir  ; LVTTL        ;         ; Row I/O    ; Y               ; no       ; Off          ;
; 17       ; 24         ; 1        ; io[3]          ; bidir  ; LVTTL        ;         ; Row I/O    ; Y               ; no       ; Off          ;
; 18       ; 25         ; 1        ; io[4]          ; bidir  ; LVTTL        ;         ; Row I/O    ; Y               ; no       ; Off          ;
; 19       ; 32         ; 1        ; io[5]          ; bidir  ; LVTTL        ;         ; Row I/O    ; Y               ; no       ; Off          ;
; 20       ; 34         ; 1        ; io[6]          ; bidir  ; LVTTL        ;         ; Column I/O ; Y               ; no       ; Off          ;
; 21       ; 36         ; 1        ; io[7]          ; bidir  ; LVTTL        ;         ; Column I/O ; Y               ; no       ; Off          ;
; 22       ; 38         ; 1        ; #TMS           ; input  ;              ;         ; --         ;                 ; --       ; --           ;
; 23       ; 39         ; 1        ; #TDI           ; input  ;              ;         ; --         ;                 ; --       ; --           ;
; 24       ; 40         ; 1        ; #TCK           ; input  ;              ;         ; --         ;                 ; --       ; --           ;
; 25       ; 41         ; 1        ; #TDO           ; output ;              ;         ; --         ;                 ; --       ; --           ;
; 26       ; 47         ; 1        ; io[8]          ; bidir  ; LVTTL        ;         ; Column I/O ; Y               ; no       ; Off          ;
; 27       ; 48         ; 1        ; reset          ; input  ; LVTTL        ;         ; Column I/O ; Y               ; no       ; Off          ;
; 28       ; 50         ; 1        ; state          ; output ; LVTTL        ;         ; Column I/O ; Y               ; no       ; Off          ;
; 29       ; 51         ; 1        ; io[9]          ; bidir  ; LVTTL        ;         ; Column I/O ; Y               ; no       ; Off          ;
; 30       ; 52         ; 1        ; io[10]         ; bidir  ; LVTTL        ;         ; Column I/O ; Y               ; no       ; Off          ;
; 31       ;            ; 1        ; VCCIO1         ; power  ;              ; 3.3V    ; --         ;                 ; --       ; --           ;
; 32       ;            ;          ; GNDIO          ; gnd    ;              ;         ; --         ;                 ; --       ; --           ;
; 33       ; 58         ; 1        ; LED[4]         ; output ; LVTTL        ;         ; Column I/O ; Y               ; no       ; Off          ;
; 34       ; 59         ; 1        ; LED[8]         ; output ; LVTTL        ;         ; Column I/O ; Y               ; no       ; Off          ;
; 35       ; 60         ; 1        ; LED[3]         ; output ; LVTTL        ;         ; Column I/O ; Y               ; no       ; Off          ;
; 36       ; 61         ; 1        ; LED[7]         ; output ; LVTTL        ;         ; Column I/O ; Y               ; no       ; Off          ;
; 37       ;            ;          ; GNDINT         ; gnd    ;              ;         ; --         ;                 ; --       ; --           ;
; 38       ; 62         ; 1        ; LED[2]         ; output ; LVTTL        ;         ; Column I/O ; Y               ; no       ; Off          ;
; 39       ;            ;          ; VCCINT         ; power  ;              ; 3.3V    ; --         ;                 ; --       ; --           ;
; 40       ; 63         ; 1        ; LED[6]         ; output ; LVTTL        ;         ; Column I/O ; Y               ; no       ; Off          ;
; 41       ; 64         ; 1        ; LED[1]         ; output ; LVTTL        ;         ; Column I/O ; Y               ; no       ; Off          ;
; 42       ; 65         ; 1        ; LED[5]         ; output ; LVTTL        ;         ; Column I/O ; Y               ; no       ; Off          ;
; 43       ; 66         ; 1        ; flt[4]         ; input  ; LVTTL        ;         ; Column I/O ; Y               ; no       ; Off          ;
; 44       ; 67         ; 1        ; pwmn[4]        ; output ; LVTTL        ;         ; Column I/O ; Y               ; no       ; Off          ;
; 45       ;            ; 1        ; VCCIO1         ; power  ;              ; 3.3V    ; --         ;                 ; --       ; --           ;
; 46       ;            ;          ; GNDIO          ; gnd    ;              ;         ; --         ;                 ; --       ; --           ;
; 47       ; 71         ; 1        ; pwma[4]        ; output ; LVTTL        ;         ; Column I/O ; Y               ; no       ; Off          ;
; 48       ; 72         ; 1        ; flt[3]         ; input  ; LVTTL        ;         ; Column I/O ; Y               ; no       ; Off          ;
; 49       ; 73         ; 1        ; pwmn[3]        ; output ; LVTTL        ;         ; Column I/O ; Y               ; no       ; Off          ;
; 50       ; 75         ; 1        ; pwma[3]        ; output ; LVTTL        ;         ; Column I/O ; Y               ; no       ; Off          ;
; 51       ; 79         ; 1        ; flt[8]         ; input  ; LVTTL        ;         ; Column I/O ; Y               ; no       ; Off          ;
; 52       ; 83         ; 2        ; pwmn[8]        ; output ; LVTTL        ;         ; Row I/O    ; Y               ; no       ; Off          ;
; 53       ; 84         ; 2        ; pwma[8]        ; output ; LVTTL        ;         ; Row I/O    ; Y               ; no       ; Off          ;
; 54       ; 86         ; 2        ; flt[7]         ; input  ; LVTTL        ;         ; Row I/O    ; Y               ; no       ; Off          ;
; 55       ; 89         ; 2        ; pwmn[7]        ; output ; LVTTL        ;         ; Row I/O    ; Y               ; no       ; Off          ;
; 56       ; 91         ; 2        ; pwma[7]        ; output ; LVTTL        ;         ; Row I/O    ; Y               ; no       ; Off          ;
; 57       ; 92         ; 2        ; AD_clk         ; output ; LVTTL        ;         ; Row I/O    ; Y               ; no       ; Off          ;
; 58       ; 93         ; 2        ; AD_TriState    ; output ; LVTTL        ;         ; Row I/O    ; Y               ; no       ; Off          ;
; 59       ;            ; 2        ; VCCIO2         ; power  ;              ; 3.3V    ; --         ;                 ; --       ; --           ;
; 60       ;            ;          ; GNDIO          ; gnd    ;              ;         ; --         ;                 ; --       ; --           ;
; 61       ; 98         ; 2        ; AD_STBY        ; output ; LVTTL        ;         ; Row I/O    ; Y               ; no       ; Off          ;
; 62       ; 101        ; 2        ; AD_OTR         ; input  ; LVTTL        ;         ; Row I/O    ; Y               ; no       ; Off          ;
; 63       ;            ;          ; VCCINT         ; power  ;              ; 3.3V    ; --         ;                 ; --       ; --           ;
; 64       ; 102        ; 2        ; AD_data[9]     ; input  ; LVTTL        ;         ; Row I/O    ; Y               ; no       ; Off          ;
; 65       ;            ;          ; GNDINT         ; gnd    ;              ;         ; --         ;                 ; --       ; --           ;
; 66       ; 103        ; 2        ; AD_data[8]     ; input  ; LVTTL        ;         ; Row I/O    ; Y               ; no       ; Off          ;
; 67       ; 104        ; 2        ; AD_data[7]     ; input  ; LVTTL        ;         ; Row I/O    ; Y               ; no       ; Off          ;
; 68       ; 105        ; 2        ; AD_data[6]     ; input  ; LVTTL        ;         ; Row I/O    ; Y               ; no       ; Off          ;
; 69       ; 111        ; 2        ; AD_data[5]     ; input  ; LVTTL        ;         ; Row I/O    ; Y               ; no       ; Off          ;
; 70       ; 112        ; 2        ; AD_data[4]     ; input  ; LVTTL        ;         ; Row I/O    ; Y               ; no       ; Off          ;
; 71       ; 115        ; 2        ; AD_data[3]     ; input  ; LVTTL        ;         ; Row I/O    ; Y               ; no       ; Off          ;
; 72       ; 116        ; 2        ; AD_data[2]     ; input  ; LVTTL        ;         ; Row I/O    ; Y               ; no       ; Off          ;
; 73       ; 118        ; 2        ; AD_data[1]     ; input  ; LVTTL        ;         ; Row I/O    ; Y               ; no       ; Off          ;
; 74       ; 120        ; 2        ; AD_data[0]     ; input  ; LVTTL        ;         ; Row I/O    ; Y               ; no       ; Off          ;
; 75       ; 122        ; 2        ; flt[6]         ; input  ; LVTTL        ;         ; Row I/O    ; Y               ; no       ; Off          ;
; 76       ; 125        ; 2        ; pwmn[6]        ; output ; LVTTL        ;         ; Column I/O ; Y               ; no       ; Off          ;
; 77       ; 126        ; 2        ; pwma[6]        ; output ; LVTTL        ;         ; Column I/O ; Y               ; no       ; Off          ;
; 78       ; 127        ; 2        ; flt[5]         ; input  ; LVTTL        ;         ; Column I/O ; Y               ; no       ; Off          ;
; 79       ;            ;          ; GNDIO          ; gnd    ;              ;         ; --         ;                 ; --       ; --           ;
; 80       ;            ; 2        ; VCCIO2         ; power  ;              ; 3.3V    ; --         ;                 ; --       ; --           ;
; 81       ; 135        ; 2        ; pwmn[5]        ; output ; LVTTL        ;         ; Column I/O ; Y               ; no       ; Off          ;
; 82       ; 136        ; 2        ; pwma[5]        ; output ; LVTTL        ;         ; Column I/O ; Y               ; no       ; Off          ;
; 83       ; 139        ; 2        ; flt[2]         ; input  ; LVTTL        ;         ; Column I/O ; Y               ; no       ; Off          ;
; 84       ; 140        ; 2        ; pwmn[2]        ; output ; LVTTL        ;         ; Column I/O ; Y               ; no       ; Off          ;
; 85       ; 141        ; 2        ; pwma[2]        ; output ; LVTTL        ;         ; Column I/O ; Y               ; no       ; Off          ;
; 86       ; 142        ; 2        ; flt[1]         ; input  ; LVTTL        ;         ; Column I/O ; Y               ; no       ; Off          ;
; 87       ; 143        ; 2        ; pwmn[1]        ; output ; LVTTL        ;         ; Column I/O ; Y               ; no       ; Off          ;
; 88       ;            ;          ; VCCINT         ; power  ;              ; 3.3V    ; --         ;                 ; --       ; --           ;
; 89       ; 144        ; 2        ; pwma[1]        ; output ; LVTTL        ;         ; Column I/O ; Y               ; no       ; Off          ;
; 90       ;            ;          ; GNDINT         ; gnd    ;              ;         ; --         ;                 ; --       ; --           ;
; 91       ; 149        ; 2        ; SW[8]          ; input  ; LVTTL        ;         ; Column I/O ; Y               ; no       ; Off          ;
; 92       ; 150        ; 2        ; SW[7]          ; input  ; LVTTL        ;         ; Column I/O ; Y               ; no       ; Off          ;
; 93       ;            ;          ; GNDIO          ; gnd    ;              ;         ; --         ;                 ; --       ; --           ;
; 94       ;            ; 2        ; VCCIO2         ; power  ;              ; 3.3V    ; --         ;                 ; --       ; --           ;
; 95       ; 151        ; 2        ; SW[6]          ; input  ; LVTTL        ;         ; Column I/O ; Y               ; no       ; Off          ;
; 96       ; 152        ; 2        ; SW[5]          ; input  ; LVTTL        ;         ; Column I/O ; Y               ; no       ; Off          ;
; 97       ; 153        ; 2        ; SW[4]          ; input  ; LVTTL        ;         ; Column I/O ; Y               ; no       ; Off          ;
; 98       ; 155        ; 2        ; SW[3]          ; input  ; LVTTL        ;         ; Column I/O ; Y               ; no       ; Off          ;
; 99       ; 156        ; 2        ; SW[2]          ; input  ; LVTTL        ;         ; Column I/O ; Y               ; no       ; Off          ;
; 100      ; 158        ; 2        ; SW[1]          ; input  ; LVTTL        ;         ; Column I/O ; Y               ; no       ; Off          ;
+----------+------------+----------+----------------+--------+--------------+---------+------------+-----------------+----------+--------------+


+-------------------------------------------------------------+
; Output Pin Default Load For Reported TCO                    ;
+----------------------------+-------+------------------------+
; I/O Standard               ; Load  ; Termination Resistance ;
+----------------------------+-------+------------------------+
; LVTTL                      ; 10 pF ; Not Available          ;
; LVCMOS                     ; 10 pF ; Not Available          ;
; 2.5 V                      ; 10 pF ; Not Available          ;
; 1.8 V                      ; 10 pF ; Not Available          ;
; 1.5 V                      ; 10 pF ; Not Available          ;
; 3.3V Schmitt Trigger Input ; 10 pF ; Not Available          ;
; 2.5V Schmitt Trigger Input ; 10 pF ; Not Available          ;
+----------------------------+-------+------------------------+
Note: User assignments will override these defaults. The user specified values are listed in the Output Pins and Bidir Pins tables.


+----------------------------------------------------------------------------------------------------------------------------------------------------------------------------------------------------------------+
; Fitter Resource Utilization by Entity                                                                                                                                                                          ;
+----------------------------+-------------+--------------+------------+------+--------------+--------------+-------------------+------------------+-----------------+------------+------------------------------+
; Compilation Hierarchy Node ; Logic Cells ; LC Registers ; UFM Blocks ; Pins ; Virtual Pins ; LUT-Only LCs ; Register-Only LCs ; LUT/Register LCs ; Carry Chain LCs ; Packed LCs ; Full Hierarchy Name          ;
+----------------------------+-------------+--------------+------------+------+--------------+--------------+-------------------+------------------+-----------------+------------+------------------------------+
; |phase_ctrl                ; 552 (122)   ; 304          ; 0          ; 76   ; 0            ; 248 (60)     ; 39 (12)           ; 265 (50)         ; 184 (36)        ; 39 (16)    ; |phase_ctrl                  ;
;    |Decoder:receive|       ; 130 (130)   ; 76           ; 0          ; 0    ; 0            ; 54 (54)      ; 12 (12)           ; 64 (64)          ; 42 (42)         ; 11 (11)    ; |phase_ctrl|Decoder:receive  ;
;    |Encoder:send|          ; 102 (102)   ; 22           ; 0          ; 0    ; 0            ; 80 (80)      ; 12 (12)           ; 10 (10)          ; 10 (10)         ; 0 (0)      ; |phase_ctrl|Encoder:send     ;
;    |delay:PWM_delay1|      ; 33 (33)     ; 24           ; 0          ; 0    ; 0            ; 9 (9)        ; 1 (1)             ; 23 (23)          ; 16 (16)         ; 2 (2)      ; |phase_ctrl|delay:PWM_delay1 ;
;    |delay:PWM_delay2|      ; 33 (33)     ; 24           ; 0          ; 0    ; 0            ; 9 (9)        ; 0 (0)             ; 24 (24)          ; 16 (16)         ; 2 (2)      ; |phase_ctrl|delay:PWM_delay2 ;
;    |delay:PWM_delay3|      ; 33 (33)     ; 24           ; 0          ; 0    ; 0            ; 9 (9)        ; 1 (1)             ; 23 (23)          ; 16 (16)         ; 2 (2)      ; |phase_ctrl|delay:PWM_delay3 ;
;    |delay:PWM_delay4|      ; 33 (33)     ; 24           ; 0          ; 0    ; 0            ; 9 (9)        ; 0 (0)             ; 24 (24)          ; 16 (16)         ; 2 (2)      ; |phase_ctrl|delay:PWM_delay4 ;
;    |delay:PWM_delay5|      ; 33 (33)     ; 24           ; 0          ; 0    ; 0            ; 9 (9)        ; 1 (1)             ; 23 (23)          ; 16 (16)         ; 2 (2)      ; |phase_ctrl|delay:PWM_delay5 ;
;    |delay:PWM_delay6|      ; 33 (33)     ; 24           ; 0          ; 0    ; 0            ; 9 (9)        ; 0 (0)             ; 24 (24)          ; 16 (16)         ; 2 (2)      ; |phase_ctrl|delay:PWM_delay6 ;
+----------------------------+-------------+--------------+------------+------+--------------+--------------+-------------------+------------------+-----------------+------------+------------------------------+
Note: For table entries with two numbers listed, the numbers in parentheses indicate the number of resources of the given type used by the specific entity alone. The numbers listed outside of parentheses indicate the total resources of the given type used by the specific entity and all of its sub-entities in the hierarchy.


+----------------------------------------+
; Delay Chain Summary                    ;
+-------------+----------+---------------+
; Name        ; Pin Type ; Pad to Core 0 ;
+-------------+----------+---------------+
; AD_OTR      ; Input    ; 0             ;
; flt[7]      ; Input    ; 0             ;
; flt[1]      ; Input    ; 0             ;
; flt[8]      ; Input    ; 0             ;
; flt[3]      ; Input    ; 0             ;
; flt[5]      ; Input    ; 0             ;
; flt[4]      ; Input    ; 0             ;
; flt[2]      ; Input    ; 0             ;
; flt[6]      ; Input    ; 0             ;
; clk         ; Input    ; 0             ;
; reset       ; Input    ; 0             ;
; SW[5]       ; Input    ; 0             ;
; SW[4]       ; Input    ; 0             ;
; SW[6]       ; Input    ; 0             ;
; SW[1]       ; Input    ; 0             ;
; SW[8]       ; Input    ; 0             ;
; SW[2]       ; Input    ; 0             ;
; SW[3]       ; Input    ; 0             ;
; SW[7]       ; Input    ; 0             ;
; AD_data[0]  ; Input    ; 0             ;
; AD_data[1]  ; Input    ; 0             ;
; AD_data[2]  ; Input    ; 0             ;
; AD_data[3]  ; Input    ; 0             ;
; AD_data[4]  ; Input    ; 0             ;
; AD_data[5]  ; Input    ; 0             ;
; AD_data[6]  ; Input    ; 0             ;
; AD_data[7]  ; Input    ; 0             ;
; AD_data[9]  ; Input    ; 0             ;
; AD_data[8]  ; Input    ; 0             ;
; pwm_in      ; Input    ; 0             ;
; data_out    ; Output   ; --            ;
; pwma[1]     ; Output   ; --            ;
; pwma[2]     ; Output   ; --            ;
; pwma[3]     ; Output   ; --            ;
; pwma[4]     ; Output   ; --            ;
; pwma[5]     ; Output   ; --            ;
; pwma[6]     ; Output   ; --            ;
; pwma[7]     ; Output   ; --            ;
; pwma[8]     ; Output   ; --            ;
; pwmn[1]     ; Output   ; --            ;
; pwmn[2]     ; Output   ; --            ;
; pwmn[3]     ; Output   ; --            ;
; pwmn[4]     ; Output   ; --            ;
; pwmn[5]     ; Output   ; --            ;
; pwmn[6]     ; Output   ; --            ;
; pwmn[7]     ; Output   ; --            ;
; pwmn[8]     ; Output   ; --            ;
; AD_clk      ; Output   ; --            ;
; AD_TriState ; Output   ; --            ;
; AD_STBY     ; Output   ; --            ;
; state       ; Output   ; --            ;
; LED[1]      ; Output   ; --            ;
; LED[2]      ; Output   ; --            ;
; LED[3]      ; Output   ; --            ;
; LED[4]      ; Output   ; --            ;
; LED[5]      ; Output   ; --            ;
; LED[6]      ; Output   ; --            ;
; LED[7]      ; Output   ; --            ;
; LED[8]      ; Output   ; --            ;
; rest[1]     ; Output   ; --            ;
; rest[2]     ; Output   ; --            ;
; rest[3]     ; Output   ; --            ;
; rest[4]     ; Output   ; --            ;
; rest[5]     ; Output   ; --            ;
; rest[6]     ; Output   ; --            ;
; rest[7]     ; Output   ; --            ;
; io[5]       ; Bidir    ; 0             ;
; io[6]       ; Bidir    ; 0             ;
; io[7]       ; Bidir    ; 0             ;
; io[8]       ; Bidir    ; 0             ;
; io[9]       ; Bidir    ; 0             ;
; io[10]      ; Bidir    ; 0             ;
; io[1]       ; Bidir    ; 0             ;
; io[2]       ; Bidir    ; 0             ;
; io[3]       ; Bidir    ; 0             ;
; io[4]       ; Bidir    ; 0             ;
+-------------+----------+---------------+


+---------------------------------------------------------------------------------------------------------------------------------------------------------+
; Control Signals                                                                                                                                         ;
+-----------------------------------+--------------+---------+-----------------------------------------+--------+----------------------+------------------+
; Name                              ; Location     ; Fan-Out ; Usage                                   ; Global ; Global Resource Used ; Global Line Name ;
+-----------------------------------+--------------+---------+-----------------------------------------+--------+----------------------+------------------+
; Decoder:receive|counter1[5]~772   ; LC_X2_Y4_N3  ; 5       ; Clock enable                            ; no     ; --                   ; --               ;
; Decoder:receive|counter_up[2]~296 ; LC_X5_Y5_N9  ; 12      ; Sync. load                              ; no     ; --                   ; --               ;
; Decoder:receive|data[5]~9         ; LC_X2_Y4_N5  ; 5       ; Clock enable                            ; no     ; --                   ; --               ;
; Decoder:receive|i[5]~787          ; LC_X4_Y5_N3  ; 5       ; Clock enable                            ; no     ; --                   ; --               ;
; Decoder:receive|start_last        ; LC_X3_Y6_N5  ; 24      ; Clock enable                            ; no     ; --                   ; --               ;
; Encoder:send|data_temp[0]~0       ; LC_X11_Y5_N2 ; 11      ; Clock enable                            ; no     ; --                   ; --               ;
; Equal0~264                        ; LC_X10_Y7_N0 ; 18      ; Clock enable                            ; no     ; --                   ; --               ;
; LED_flag                          ; LC_X8_Y6_N9  ; 9       ; Sync. load                              ; no     ; --                   ; --               ;
; clk                               ; PIN_14       ; 304     ; Clock                                   ; yes    ; Global clock         ; GCLK1            ;
; delay:PWM_delay1|counter_down1~0  ; LC_X10_Y4_N3 ; 9       ; Async. clear                            ; yes    ; Global clock         ; GCLK2            ;
; delay:PWM_delay1|counter_up1~0    ; LC_X10_Y4_N9 ; 9       ; Async. clear                            ; yes    ; Global clock         ; GCLK0            ;
; delay:PWM_delay2|counter_down1~0  ; LC_X7_Y4_N8  ; 9       ; Async. clear                            ; no     ; --                   ; --               ;
; delay:PWM_delay2|counter_up1~0    ; LC_X7_Y4_N3  ; 9       ; Async. clear                            ; no     ; --                   ; --               ;
; delay:PWM_delay3|counter_down1~0  ; LC_X8_Y5_N4  ; 9       ; Async. clear                            ; no     ; --                   ; --               ;
; delay:PWM_delay3|counter_up1~0    ; LC_X8_Y5_N8  ; 9       ; Async. clear                            ; no     ; --                   ; --               ;
; delay:PWM_delay4|counter_down1~0  ; LC_X12_Y5_N4 ; 9       ; Async. clear                            ; no     ; --                   ; --               ;
; delay:PWM_delay4|counter_up1~0    ; LC_X12_Y5_N9 ; 9       ; Async. clear                            ; no     ; --                   ; --               ;
; delay:PWM_delay5|counter_down1~0  ; LC_X5_Y6_N8  ; 9       ; Async. clear                            ; no     ; --                   ; --               ;
; delay:PWM_delay5|counter_up1~0    ; LC_X5_Y7_N0  ; 9       ; Async. clear                            ; no     ; --                   ; --               ;
; delay:PWM_delay6|counter_down1~0  ; LC_X7_Y6_N6  ; 9       ; Async. clear                            ; no     ; --                   ; --               ;
; delay:PWM_delay6|counter_up1~0    ; LC_X7_Y6_N4  ; 9       ; Async. clear                            ; no     ; --                   ; --               ;
; reset                             ; PIN_27       ; 208     ; Async. clear, Async. load, Clock enable ; yes    ; Global clock         ; GCLK3            ;
+-----------------------------------+--------------+---------+-----------------------------------------+--------+----------------------+------------------+


+-----------------------------------------------------------------------------------------------------+
; Global & Other Fast Signals                                                                         ;
+----------------------------------+--------------+---------+----------------------+------------------+
; Name                             ; Location     ; Fan-Out ; Global Resource Used ; Global Line Name ;
+----------------------------------+--------------+---------+----------------------+------------------+
; clk                              ; PIN_14       ; 304     ; Global clock         ; GCLK1            ;
; delay:PWM_delay1|counter_down1~0 ; LC_X10_Y4_N3 ; 9       ; Global clock         ; GCLK2            ;
; delay:PWM_delay1|counter_up1~0   ; LC_X10_Y4_N9 ; 9       ; Global clock         ; GCLK0            ;
; reset                            ; PIN_27       ; 208     ; Global clock         ; GCLK3            ;
+----------------------------------+--------------+---------+----------------------+------------------+


+---------------------------------------------+
; Non-Global High Fan-Out Signals             ;
+-----------------------------------+---------+
; Name                              ; Fan-Out ;
+-----------------------------------+---------+
; Decoder:receive|start_last        ; 32      ;
; Decoder:receive|start             ; 28      ;
; Encoder:send|counter1[6]          ; 22      ;
; Encoder:send|counter1[9]          ; 21      ;
; err_drv~56                        ; 20      ;
; Encoder:send|counter1[5]          ; 19      ;
; Encoder:send|counter1[4]          ; 19      ;
; Equal0~264                        ; 18      ;
; AD_clk~reg0                       ; 14      ;
; Decoder:receive|err_com           ; 14      ;
; Equal1~75                         ; 13      ;
; Decoder:receive|LessThan6~178     ; 13      ;
; Encoder:send|counter1[7]          ; 13      ;
; Decoder:receive|counter_up[2]~296 ; 12      ;
; LED[6]~169                        ; 12      ;
; Encoder:send|counter1[8]          ; 12      ;
; Encoder:send|counter1[3]          ; 12      ;
; Encoder:send|data_temp[0]~0       ; 11      ;
; Decoder:receive|data[5]~308       ; 10      ;
; LED_flag                          ; 9       ;
; delay:PWM_delay4|counter_up1~0    ; 9       ;
; delay:PWM_delay4|counter_down1~0  ; 9       ;
; delay:PWM_delay6|counter_up1~0    ; 9       ;
; delay:PWM_delay6|counter_down1~0  ; 9       ;
; delay:PWM_delay5|counter_up1~0    ; 9       ;
; delay:PWM_delay5|counter_down1~0  ; 9       ;
; delay:PWM_delay3|counter_up1~0    ; 9       ;
; delay:PWM_delay3|counter_down1~0  ; 9       ;
; delay:PWM_delay2|counter_up1~0    ; 9       ;
; delay:PWM_delay2|counter_down1~0  ; 9       ;
; Encoder:send|counter1[9]~3558     ; 9       ;
; ~GND                              ; 8       ;
; Decoder:receive|counter2_start    ; 8       ;
; Equal3~100                        ; 8       ;
; Equal3~98                         ; 8       ;
; Encoder:send|counter1[0]          ; 8       ;
; Encoder:send|counter1[1]          ; 8       ;
; Encoder:send|counter1[2]          ; 8       ;
; Decoder:receive|Equal2~48         ; 7       ;
; Decoder:receive|data[4]           ; 7       ;
; pwm_in                            ; 6       ;
; Decoder:receive|counter2~319      ; 6       ;
; Decoder:receive|i[0]              ; 6       ;
; Decoder:receive|Equal3~52         ; 6       ;
; Decoder:receive|i[2]              ; 6       ;
; Decoder:receive|data[5]           ; 6       ;
; pwma~89                           ; 6       ;
; Decoder:receive|data[5]~9         ; 5       ;
; Decoder:receive|Add4~220          ; 5       ;
; Decoder:receive|counter_up[0]~300 ; 5       ;
+-----------------------------------+---------+


+---------------------------------------------------+
; Interconnect Usage Summary                        ;
+----------------------------+----------------------+
; Interconnect Resource Type ; Usage                ;
+----------------------------+----------------------+
; C4s                        ; 297 / 1,624 ( 18 % ) ;
; Direct links               ; 147 / 1,930 ( 8 % )  ;
; Global clocks              ; 4 / 4 ( 100 % )      ;
; LAB clocks                 ; 28 / 56 ( 50 % )     ;
; LUT chains                 ; 42 / 513 ( 8 % )     ;
; Local interconnects        ; 646 / 1,930 ( 33 % ) ;
; R4s                        ; 455 / 1,472 ( 31 % ) ;
+----------------------------+----------------------+


+---------------------------------------------------------------------------+
; LAB Logic Elements                                                        ;
+--------------------------------------------+------------------------------+
; Number of Logic Elements  (Average = 9.68) ; Number of LABs  (Total = 57) ;
+--------------------------------------------+------------------------------+
; 1                                          ; 0                            ;
; 2                                          ; 0                            ;
; 3                                          ; 0                            ;
; 4                                          ; 0                            ;
; 5                                          ; 0                            ;
; 6                                          ; 2                            ;
; 7                                          ; 0                            ;
; 8                                          ; 2                            ;
; 9                                          ; 6                            ;
; 10                                         ; 47                           ;
+--------------------------------------------+------------------------------+


+-------------------------------------------------------------------+
; LAB-wide Signals                                                  ;
+------------------------------------+------------------------------+
; LAB-wide Signals  (Average = 2.14) ; Number of LABs  (Total = 57) ;
+------------------------------------+------------------------------+
; 1 Async. clear                     ; 47                           ;
; 1 Async. load                      ; 2                            ;
; 1 Clock                            ; 53                           ;
; 1 Clock enable                     ; 15                           ;
; 1 Sync. load                       ; 1                            ;
; 2 Async. clears                    ; 3                            ;
; 2 Clock enables                    ; 1                            ;
+------------------------------------+------------------------------+


+-----------------------------------------------------------------------------+
; LAB Signals Sourced                                                         ;
+----------------------------------------------+------------------------------+
; Number of Signals Sourced  (Average = 10.37) ; Number of LABs  (Total = 57) ;
+----------------------------------------------+------------------------------+
; 0                                            ; 0                            ;
; 1                                            ; 0                            ;
; 2                                            ; 0                            ;
; 3                                            ; 0                            ;
; 4                                            ; 0                            ;
; 5                                            ; 0                            ;
; 6                                            ; 1                            ;
; 7                                            ; 1                            ;
; 8                                            ; 1                            ;
; 9                                            ; 4                            ;
; 10                                           ; 33                           ;
; 11                                           ; 5                            ;
; 12                                           ; 10                           ;
; 13                                           ; 0                            ;
; 14                                           ; 1                            ;
; 15                                           ; 1                            ;
+----------------------------------------------+------------------------------+


+--------------------------------------------------------------------------------+
; LAB Signals Sourced Out                                                        ;
+-------------------------------------------------+------------------------------+
; Number of Signals Sourced Out  (Average = 6.14) ; Number of LABs  (Total = 57) ;
+-------------------------------------------------+------------------------------+
; 0                                               ; 0                            ;
; 1                                               ; 1                            ;
; 2                                               ; 2                            ;
; 3                                               ; 2                            ;
; 4                                               ; 6                            ;
; 5                                               ; 15                           ;
; 6                                               ; 5                            ;
; 7                                               ; 13                           ;
; 8                                               ; 4                            ;
; 9                                               ; 5                            ;
; 10                                              ; 3                            ;
; 11                                              ; 0                            ;
; 12                                              ; 1                            ;
+-------------------------------------------------+------------------------------+


+-----------------------------------------------------------------------------+
; LAB Distinct Inputs                                                         ;
+----------------------------------------------+------------------------------+
; Number of Distinct Inputs  (Average = 10.65) ; Number of LABs  (Total = 57) ;
+----------------------------------------------+------------------------------+
; 0                                            ; 0                            ;
; 1                                            ; 0                            ;
; 2                                            ; 2                            ;
; 3                                            ; 4                            ;
; 4                                            ; 7                            ;
; 5                                            ; 0                            ;
; 6                                            ; 1                            ;
; 7                                            ; 4                            ;
; 8                                            ; 1                            ;
; 9                                            ; 5                            ;
; 10                                           ; 3                            ;
; 11                                           ; 5                            ;
; 12                                           ; 3                            ;
; 13                                           ; 4                            ;
; 14                                           ; 3                            ;
; 15                                           ; 2                            ;
; 16                                           ; 4                            ;
; 17                                           ; 4                            ;
; 18                                           ; 1                            ;
; 19                                           ; 1                            ;
; 20                                           ; 2                            ;
; 21                                           ; 0                            ;
; 22                                           ; 1                            ;
+----------------------------------------------+------------------------------+


+-------------------------------------------------------------------------+
; Fitter Device Options                                                   ;
+----------------------------------------------+--------------------------+
; Option                                       ; Setting                  ;
+----------------------------------------------+--------------------------+
; Enable user-supplied start-up clock (CLKUSR) ; Off                      ;
; Enable device-wide reset (DEV_CLRn)          ; Off                      ;
; Enable device-wide output enable (DEV_OE)    ; Off                      ;
; Enable INIT_DONE output                      ; Off                      ;
; Configuration scheme                         ; Passive Serial           ;
; Reserve all unused pins                      ; As output driving ground ;
; Base pin-out file on sameframe device        ; Off                      ;
+----------------------------------------------+--------------------------+


+-----------------+
; Fitter Messages ;
+-----------------+
Info: *******************************************************************
Info: Running Quartus II Fitter
    Info: Version 6.0 Build 178 04/27/2006 SJ Full Version
    Info: Processing started: Tue Jul 17 16:02:35 2012
Info: Command: quartus_fit --read_settings_files=off --write_settings_files=off Phase_ctrl -c Phase_ctrl
Info: Selected device EPM570T100C5 for design "Phase_ctrl"
Info: Fitter is performing an Auto Fit compilation, which may decrease Fitter effort to reduce compilation time
Info: Device migration not selected. If you intend to use device migration later, you may need to change the pin assignments as they may be incompatible with other devices
    Info: Device EPM240T100C5 is compatible
    Info: Device EPM240T100I5 is compatible
    Info: Device EPM570T100I5 is compatible
Info: Timing requirements not specified -- optimizing circuit to achieve the following default global requirements
    Info: Assuming a global fmax requirement of 1000 MHz
    Info: Assuming a global tsu requirement of 2.0 ns
    Info: Assuming a global tco requirement of 1.0 ns
    Info: Assuming a global tpd requirement of 1.0 ns
Info: Completed User Assigned Global Signals Promotion Operation
Info: Automatically promoted signal "clk" to use Global clock in PIN 14
Info: Automatically promoted some destinations of signal "reset" to use Global clock
    Info: Destination "delay:PWM_delay1|counter_down1~0" may be non-global or may not use global clock
    Info: Destination "delay:PWM_delay1|counter_up1~0" may be non-global or may not use global clock
    Info: Destination "Decoder:receive|counter2_start" may be non-global or may not use global clock
    Info: Destination "delay:PWM_delay2|counter_down1~0" may be non-global or may not use global clock
    Info: Destination "delay:PWM_delay2|counter_up1~0" may be non-global or may not use global clock
    Info: Destination "delay:PWM_delay3|counter_down1~0" may be non-global or may not use global clock
    Info: Destination "delay:PWM_delay3|counter_up1~0" may be non-global or may not use global clock
    Info: Destination "delay:PWM_delay5|counter_down1~0" may be non-global or may not use global clock
    Info: Destination "delay:PWM_delay5|counter_up1~0" may be non-global or may not use global clock
    Info: Destination "delay:PWM_delay6|counter_down1~0" may be non-global or may not use global clock
    Info: Limited to 10 non-global destinations
Info: Pin "reset" drives global clock, but is not placed in a dedicated clock pin position
Info: Automatically promoted signal "delay:PWM_delay1|counter_down1~0" to use Global clock
Info: Automatically promoted signal "delay:PWM_delay1|counter_up1~0" to use Global clock
Info: Completed Auto Global Promotion Operation
Info: Starting register packing
Info: Fitter is using Normal packing mode for logic elements with Auto setting for Auto Packed Registers logic option
Info: Started processing fast register assignments
Info: Finished processing fast register assignments
Info: Finished register packing: elapsed time is 00:00:01
Info: Fitter placement preparation operations beginning
Info: Fitter placement preparation operations ending: elapsed time is 00:00:02
Info: Fitter placement operations beginning
Info: Fitter placement was successful
Info: Fitter placement operations ending: elapsed time is 00:00:00
Info: Estimated most critical path is register to register delay of 14.472 ns
    Info: 1: + IC(0.000 ns) + CELL(0.000 ns) = 0.000 ns; Loc. = LAB_X11_Y5; Fanout = 24; REG Node = 'Encoder:send|counter1[6]'
    Info: 2: + IC(1.981 ns) + CELL(0.511 ns) = 2.492 ns; Loc. = LAB_X11_Y3; Fanout = 1; COMB Node = 'Encoder:send|process0~878'
    Info: 3: + IC(1.775 ns) + CELL(0.511 ns) = 4.778 ns; Loc. = LAB_X11_Y4; Fanout = 1; COMB Node = 'Encoder:send|process0~879'
    Info: 4: + IC(0.983 ns) + CELL(0.200 ns) = 5.961 ns; Loc. = LAB_X11_Y4; Fanout = 3; COMB Node = 'Encoder:send|process0~880'
    Info: 5: + IC(1.420 ns) + CELL(0.914 ns) = 8.295 ns; Loc. = LAB_X11_Y1; Fanout = 1; COMB Node = 'Encoder:send|pulse~2824'
    Info: 6: + IC(1.824 ns) + CELL(0.511 ns) = 10.630 ns; Loc. = LAB_X12_Y4; Fanout = 2; COMB Node = 'Encoder:send|pulse~2830'
    Info: 7: + IC(0.269 ns) + CELL(0.914 ns) = 11.813 ns; Loc. = LAB_X12_Y4; Fanout = 1; COMB Node = 'Encoder:send|pulse~2841'
    Info: 8: + IC(0.269 ns) + CELL(0.914 ns) = 12.996 ns; Loc. = LAB_X12_Y4; Fanout = 1; COMB Node = 'Encoder:send|pulse~2844'
    Info: 9: + IC(0.672 ns) + CELL(0.804 ns) = 14.472 ns; Loc. = LAB_X12_Y4; Fanout = 1; REG Node = 'Encoder:send|pulse'
    Info: Total cell delay = 5.279 ns ( 36.48 % )
    Info: Total interconnect delay = 9.193 ns ( 63.52 % )
Info: Fitter routing operations beginning
Info: Average interconnect usage is 23% of the available device resources. Peak interconnect usage is 23%
    Info: The peak interconnect region extends from location x0_y0 to location x13_y8
Info: Fitter routing operations ending: elapsed time is 00:00:01
Info: The Fitter performed an Auto Fit compilation.  Optimizations were skipped to reduce compilation time.
    Info: Optimizations that may affect the design's routability were skipped
    Info: Optimizations that may affect the design's timing were skipped
Info: Node delay:PWM_delay1|counter_up1~0 uses non-global routing resources to route signals to global destination nodes
    Info: Port clear -- assigned as a global for destination node delay:PWM_delay1|counter_up[0] -- routed using non-global resources
Warning: Following 10 pins have no output enable or a GND or VCC output enable - later changes to this connectivity may change fitting results
    Info: Pin io[5] has a permanently disabled output enable
    Info: Pin io[6] has a permanently disabled output enable
    Info: Pin io[7] has a permanently disabled output enable
    Info: Pin io[8] has a permanently disabled output enable
    Info: Pin io[9] has a permanently disabled output enable
    Info: Pin io[10] has a permanently disabled output enable
    Info: Pin io[1] has a permanently enabled output enable
    Info: Pin io[2] has a permanently enabled output enable
    Info: Pin io[3] has a permanently enabled output enable
    Info: Pin io[4] has a permanently enabled output enable
Warning: Following 15 pins have nothing, GND, or VCC driving datain port -- changes to this connectivity may change fitting results
    Info: Pin AD_TriState has GND driving its datain port
    Info: Pin AD_STBY has GND driving its datain port
    Info: Pin rest[1] has GND driving its datain port
    Info: Pin rest[2] has GND driving its datain port
    Info: Pin rest[3] has GND driving its datain port
    Info: Pin rest[4] has GND driving its datain port
    Info: Pin rest[5] has GND driving its datain port
    Info: Pin rest[6] has GND driving its datain port
    Info: Pin rest[7] has GND driving its datain port
    Info: Pin io[5] has VCC driving its datain port
    Info: Pin io[6] has VCC driving its datain port
    Info: Pin io[7] has VCC driving its datain port
    Info: Pin io[8] has VCC driving its datain port
    Info: Pin io[9] has VCC driving its datain port
    Info: Pin io[10] has VCC driving its datain port
Info: Quartus II Fitter was successful. 0 errors, 2 warnings
    Info: Processing ended: Tue Jul 17 16:02:43 2012
    Info: Elapsed time: 00:00:08


+----------------------------+
; Fitter Suppressed Messages ;
+----------------------------+
The suppressed messages can be found in E:/works/VHDLWorks/5L-ANPC/×îÖÕ°æ/Phase_ctrl120629/Phase_ctrl.fit.smsg.


